\BOOKMARK [1][-]{section.1}{\376\377\000I\000n\000t\000r\000o\000d\000u\000c\000t\000i\000o\000n}{}% 1
\BOOKMARK [1][-]{section.2}{\376\377\000E\000m\000p\000i\000r\000i\000c\000a\000l\000\040\000S\000e\000t\000t\000i\000n\000g}{}% 2
\BOOKMARK [2][-]{subsection.2.1}{\376\377\000U\000n\000i\000t\000e\000d\000\040\000S\000t\000a\000t\000e\000s\000\040\000A\000v\000i\000a\000t\000i\000o\000n\000\040\000I\000n\000d\000u\000s\000t\000r\000y}{section.2}% 3
\BOOKMARK [2][-]{subsection.2.2}{\376\377\000A\000t\000t\000e\000m\000p\000t\000e\000d\000\040\000J\000e\000t\000B\000l\000u\000e\000-\000S\000p\000i\000r\000i\000t\000\040\000M\000e\000r\000g\000e\000r}{section.2}% 4
\BOOKMARK [2][-]{subsection.2.3}{\376\377\000N\000o\000r\000t\000h\000e\000a\000s\000t\000\040\000A\000l\000l\000i\000a\000n\000c\000e}{section.2}% 5
\BOOKMARK [1][-]{section.3}{\376\377\000D\000a\000t\000a\000\040\000a\000n\000d\000\040\000S\000u\000m\000m\000a\000r\000y\000\040\000S\000t\000a\000t\000i\000s\000t\000i\000c\000s}{}% 6
\BOOKMARK [1][-]{section.4}{\376\377\000A\000n\000a\000l\000y\000s\000i\000s}{}% 7
\BOOKMARK [2][-]{subsection.4.1}{\376\377\000D\000e\000m\000a\000n\000d}{section.4}% 8
\BOOKMARK [2][-]{subsection.4.2}{\376\377\000S\000u\000p\000p\000l\000y}{section.4}% 9
\BOOKMARK [2][-]{subsection.4.3}{\376\377\000M\000e\000r\000g\000e\000r\000\040\000S\000i\000m\000u\000l\000a\000t\000i\000o\000n}{section.4}% 10
\BOOKMARK [1][-]{section.5}{\376\377\000C\000o\000n\000c\000l\000u\000s\000i\000o\000n}{}% 11
\BOOKMARK [1][-]{section*.2}{\376\377\000A\000p\000p\000e\000n\000d\000i\000c\000e\000s}{}% 12
\BOOKMARK [1][-]{appendix.1.A}{\376\377\000D\000a\000t\000a\000\040\000P\000r\000o\000c\000e\000s\000s\000i\000n\000g\000\040\000M\000e\000t\000h\000o\000d\000o\000l\000o\000g\000y}{}% 13
\BOOKMARK [1][-]{appendix.1.B}{\376\377\000M\000e\000r\000g\000e\000r\000\040\000P\000r\000e\000-\000A\000p\000p\000r\000o\000v\000a\000l\000\040\000E\000f\000f\000e\000c\000t\000s}{}% 14
\BOOKMARK [1][-]{appendix.1.C}{\376\377\000M\000e\000r\000g\000e\000r\000\040\000C\000o\000m\000m\000e\000n\000t\000s\000\040\000A\000n\000a\000l\000y\000s\000i\000s}{}% 15
\BOOKMARK [1][-]{appendix.1.D}{\376\377\000A\000d\000d\000i\000t\000i\000o\000n\000a\000l\000\040\000F\000i\000g\000u\000r\000e\000s\000\040\000a\000n\000d\000\040\000T\000a\000b\000l\000e\000s}{}% 16
\BOOKMARK [2][-]{subsection.1.D.1}{\376\377\000A\000d\000d\000i\000t\000i\000o\000n\000a\000l\000\040\000D\000e\000s\000c\000r\000i\000p\000t\000i\000v\000e\000\040\000F\000i\000g\000u\000r\000e\000s\000\040\000a\000n\000d\000\040\000T\000a\000b\000l\000e\000s\000:\000\040\000A\000v\000i\000a\000t\000i\000o\000n\000\040\000I\000n\000d\000u\000s\000t\000r\000y}{appendix.1.D}% 17
\BOOKMARK [2][-]{subsection.1.D.2}{\376\377\000A\000d\000d\000i\000t\000i\000o\000n\000a\000l\000\040\000D\000e\000s\000c\000r\000i\000p\000t\000i\000v\000e\000\040\000F\000i\000g\000u\000r\000e\000s\000\040\000a\000n\000d\000\040\000T\000a\000b\000l\000e\000s\000:\000\040\000N\000o\000r\000t\000h\000e\000a\000s\000t\000\040\000A\000l\000l\000i\000a\000n\000c\000e}{appendix.1.D}% 18
\BOOKMARK [2][-]{subsection.1.D.3}{\376\377\000D\000e\000s\000c\000r\000i\000p\000t\000i\000v\000e\000\040\000F\000i\000g\000u\000r\000e\000s\000\040\000a\000n\000d\000\040\000T\000a\000b\000l\000e\000s\000:\000\040\000J\000e\000t\000B\000l\000u\000e\000,\000\040\000S\000p\000i\000r\000i\000t}{appendix.1.D}% 19
\BOOKMARK [2][-]{subsection.1.D.4}{\376\377\000A\000d\000d\000i\000t\000i\000o\000n\000a\000l\000\040\000M\000e\000r\000g\000e\000r\000\040\000F\000i\000g\000u\000r\000e\000s}{appendix.1.D}% 20
\BOOKMARK [1][-]{appendix.1.E}{\376\377\000R\000o\000b\000u\000s\000t\000n\000e\000s\000s\000\040\000C\000h\000e\000c\000k\000s}{}% 21
\BOOKMARK [2][-]{subsection.1.E.1}{\376\377\000A\000s\000s\000u\000m\000e\000d\000\040\000M\000e\000r\000g\000e\000r\000\040\000E\000f\000f\000i\000c\000i\000e\000n\000c\000i\000e\000s}{appendix.1.E}% 22
\BOOKMARK [2][-]{subsection.1.E.2}{\376\377\000N\000e\000s\000t\000e\000d\000\040\000L\000o\000g\000i\000t\000\040\000M\000o\000d\000e\000l\000\040\000S\000p\000e\000c\000i\000f\000i\000c\000a\000t\000i\000o\000n}{appendix.1.E}% 23
